[debug] [2023-07-27T17:44:33.599Z] ----------------------------------------------------------------------
[debug] [2023-07-27T17:44:33.600Z] Command:       C:\Program Files\nodejs\node.exe C:\Users\Lakshan\AppData\Roaming\npm\node_modules\firebase-tools\lib\bin\firebase.js init
[debug] [2023-07-27T17:44:33.601Z] CLI Version:   12.4.4
[debug] [2023-07-27T17:44:33.601Z] Platform:      win32
[debug] [2023-07-27T17:44:33.601Z] Node Version:  v18.14.0
[debug] [2023-07-27T17:44:33.602Z] Time:          Thu Jul 27 2023 23:14:33 GMT+0530 (India Standard Time)
[debug] [2023-07-27T17:44:33.602Z] ----------------------------------------------------------------------
[debug] 
[debug] [2023-07-27T17:44:33.672Z] > command requires scopes: ["email","openid","https://www.googleapis.com/auth/cloudplatformprojects.readonly","https://www.googleapis.com/auth/firebase","https://www.googleapis.com/auth/cloud-platform"]
[debug] [2023-07-27T17:44:33.673Z] > authorizing via signed-in user (gglakshan@gmail.com)
[info] 
     ######## #### ########  ######## ########     ###     ######  ########
     ##        ##  ##     ## ##       ##     ##  ##   ##  ##       ##
     ######    ##  ########  ######   ########  #########  ######  ######
     ##        ##  ##    ##  ##       ##     ## ##     ##       ## ##
     ##       #### ##     ## ######## ########  ##     ##  ######  ########

You're about to initialize a Firebase project in this directory:

  E:\My Projects\BIT-GPA-Calculator

Before we get started, keep in mind:

  * You are initializing within an existing Firebase project directory

[info] 
=== Project Setup
[info] 
[info] First, let's associate this project directory with a Firebase project.
[info] You can create multiple project aliases by running firebase use --add, 
[info] but for now we'll just set up a default project.
[info] 
[debug] [2023-07-27T17:44:53.581Z] Using project from CLI flag: bit-gpa-calculater
[debug] [2023-07-27T17:44:53.582Z] >>> [apiv2][query] GET https://firebase.googleapis.com/v1beta1/projects/bit-gpa-calculater [none]
[debug] [2023-07-27T17:44:54.412Z] <<< [apiv2][status] GET https://firebase.googleapis.com/v1beta1/projects/bit-gpa-calculater 200
[debug] [2023-07-27T17:44:54.412Z] <<< [apiv2][body] GET https://firebase.googleapis.com/v1beta1/projects/bit-gpa-calculater {"projectId":"bit-gpa-calculater","projectNumber":"929159200053","displayName":"BIT GPA Calculater","name":"projects/bit-gpa-calculater","resources":{"hostingSite":"bit-gpa-calculater"},"state":"ACTIVE","etag":"1_2648e905-74e2-4229-a59a-955fa81b7121"}
[info] i  Using project bit-gpa-calculater (BIT GPA Calculater) 
[info] 
=== Hosting Setup
[info] 
[info] Your public directory is the folder (relative to your project directory) that
[info] will contain Hosting assets to be uploaded with firebase deploy. If you
[info] have a build process for your assets, use your build's output directory.
[info] 
